C51 COMPILER V9.59.0.0   EXAM                                                              05/08/2024 18:47:37 PAGE 1   


C51 COMPILER V9.59.0.0, COMPILATION OF MODULE EXAM
OBJECT MODULE PLACED IN .\Objects\exam.obj
COMPILER INVOKED BY: C:\Keil_v5\C51\BIN\C51.EXE ..\exam.c OPTIMIZE(8,SPEED) BROWSE DEBUG OBJECTEXTEND PRINT(.\Listings\e
                    -xam.lst) TABS(2) OBJECT(.\Objects\exam.obj)

line level    source

   1          #include <reg51.h>     //此文件中定义了单片机的一些特殊功能寄存器
   2          
   3          typedef unsigned int u16;   //对数据类型进行声明定义
   4          typedef unsigned char u8;
   5          
   6          sbit LSA=P2^2;
   7          sbit LSB=P2^3;
   8          sbit LSC=P2^4;
   9          
  10          u8 code smgduan[17]={0x3f,0x06,0x5b,0x4f,0x66,0x6d,0x7d,0x07,
  11                    0x7f,0x6f,0x77,0x7c,0x39,0x5e,0x79,0x71};//显示0~F的值
  12          
  13          void delay(u16 i)
  14          {
  15   1        while(i--);
  16   1          //for(int j = 255 ;  j > 0 ; j--);  
  17   1      }
  18          
  19          
  20          
  21          void main()
  22          { 
  23   1        int i , j ;
  24   1        while(1)
  25   1        { 
  26   2              for( i = 10 ; i <= 16 ; i++)
  27   2              {
  28   3                  P0=smgduan[i];
  29   3                  for(j = 0 ; j < 50 ; j++)
  30   3                      delay(1000);
  31   3              }
  32   2          
  33   2        }   
  34   1      }


MODULE INFORMATION:   STATIC OVERLAYABLE
   CODE SIZE        =     61    ----
   CONSTANT SIZE    =     17    ----
   XDATA SIZE       =   ----    ----
   PDATA SIZE       =   ----    ----
   DATA SIZE        =   ----    ----
   IDATA SIZE       =   ----    ----
   BIT SIZE         =   ----    ----
END OF MODULE INFORMATION.


C51 COMPILATION COMPLETE.  0 WARNING(S),  0 ERROR(S)
