C51 COMPILER V9.59.0.0   FIRST                                                             05/30/2024 08:44:56 PAGE 1   


C51 COMPILER V9.59.0.0, COMPILATION OF MODULE FIRST
OBJECT MODULE PLACED IN .\Objects\first.obj
COMPILER INVOKED BY: C:\Keil_v5\C51\BIN\C51.EXE ..\forth_pro\first.c OPTIMIZE(8,SPEED) BROWSE DEBUG OBJECTEXTEND PRINT(.
                    -\Listings\first.lst) TABS(2) OBJECT(.\Objects\first.obj)

line level    source

   1          #include<reg51.h>
   2          #include <stdlib.h>
   3          #include <string.h>
   4          //---重定义关键词---//
   5          
   6          #define LCD1602_DATAPINS P0
   7          sbit LCD1602_E=P2^7;
   8          sbit LCD1602_RW=P2^5;
   9          sbit LCD1602_RS=P2^6;
  10          
  11          void Lcd1602_Delay1ms(unsigned int c);   //误差 0us
  12          
  13          void LcdWriteCom(unsigned char com);
  14            
  15          void LcdWriteData(unsigned char dat);
  16          void LcdInit(); 
  17          #define GPIO_KEY P1
  18          
  19          unsigned char KeyValue;
  20          unsigned char KeyState;
  21          
  22          unsigned char dat[]="0123456789ABCDEF";
  23          unsigned char nums[20];
  24          unsigned char ans[10];
  25          int count = 0;
  26          
  27          void Delay10ms();  
  28          void KeyDown();   
  29          void delay(unsigned char i)
  30          {
  31   1        while(i--); 
  32   1      }
  33          
  34          void main(void)
  35          {
  36   1        unsigned char i;
  37   1        LcdInit();
  38   1        KeyState=0;
  39   1        while(1)
  40   1        {
  41   2          KeyDown();
  42   2          if(KeyState)
  43   2          {
  44   3            KeyState=0;
  45   3            LcdWriteCom(0x80);
  46   3                  nums[count] = KeyValue;
  47   3            count++;
  48   3            for(i = 0 ; i < count ; i++)
  49   3                      LcdWriteData(dat[nums[i]]);
  50   3          }
  51   2          
  52   2        }       
  53   1      }
  54          
C51 COMPILER V9.59.0.0   FIRST                                                             05/30/2024 08:44:56 PAGE 2   

  55          void KeyDown(void)
  56          {
  57   1        char a;
  58   1        GPIO_KEY=0x0f;
  59   1        if(GPIO_KEY!=0x0f)
  60   1        {
  61   2          Delay10ms();
  62   2          if(GPIO_KEY!=0x0f)
  63   2          {
  64   3            KeyState=1;
  65   3            //测试列
  66   3            GPIO_KEY=0X0F;
  67   3      //      Delay10ms();
  68   3            switch(GPIO_KEY)
  69   3            {
  70   4              case(0X07): KeyValue=0;break;
  71   4              case(0X0b): KeyValue=1;break;
  72   4              case(0X0d): KeyValue=2;break;
  73   4              case(0X0e): KeyValue=3;break;
  74   4      //        default:  KeyValue=17;  //检测出错回复17意思是把数码管全灭掉。
  75   4            }
  76   3            //测试行
  77   3            GPIO_KEY=0XF0;
  78   3            Delay10ms();
  79   3            switch(GPIO_KEY)
  80   3            {
  81   4              case(0X70): KeyValue=KeyValue;break;
  82   4              case(0Xb0): KeyValue=KeyValue+4;break;
  83   4              case(0Xd0): KeyValue=KeyValue+8;break;
  84   4              case(0Xe0): KeyValue=KeyValue+12;break;
  85   4      //        default:  KeyValue=17;
  86   4            }
  87   3            while((a<50)&&(GPIO_KEY!=0xf0))  //检测按键松手检测
  88   3            {
  89   4              Delay10ms();
  90   4              a++;
  91   4            }
  92   3            a=0;
  93   3          }
  94   2        }
  95   1      }
  96          
  97          void Delay10ms(void)   //误差 0us
  98          {
  99   1          unsigned char a,b,c;
 100   1          for(c=1;c>0;c--)
 101   1              for(b=38;b>0;b--)
 102   1                  for(a=130;a>0;a--);
 103   1      }
 104          
 105          void LcdWriteCom(unsigned char com)   //写入命令
 106          {
 107   1        LCD1602_E = 0;   //使能清零
 108   1        LCD1602_RS = 0;  //选择写入命令
 109   1        LCD1602_RW = 0;  //选择写入
 110   1      
 111   1        LCD1602_DATAPINS = com; //由于4位的接线是接到P0口的高四位，所以传送高四位不用改
 112   1        Lcd1602_Delay1ms(1);
 113   1      
 114   1        LCD1602_E = 1;   //写入时序
 115   1        Lcd1602_Delay1ms(5);
 116   1        LCD1602_E = 0;
C51 COMPILER V9.59.0.0   FIRST                                                             05/30/2024 08:44:56 PAGE 3   

 117   1      
 118   1      //  Lcd1602_Delay1ms(1);
 119   1        LCD1602_DATAPINS = com << 4; //发送低四位
 120   1        Lcd1602_Delay1ms(1);
 121   1      
 122   1        LCD1602_E = 1;   //写入时序
 123   1        Lcd1602_Delay1ms(5);
 124   1        LCD1602_E = 0;
 125   1      }
 126          void Lcd1602_Delay1ms(unsigned int c)   //误差 0us
 127          {
 128   1          unsigned char a,b;
 129   1        for (; c>0; c--)
 130   1        {
 131   2           for (b=199;b>0;b--)
 132   2           {
 133   3              for(a=1;a>0;a--);
 134   3           }      
 135   2        }
 136   1            
 137   1      }
 138          
 139          void LcdWriteData(unsigned char dat)      //写入数据
 140          {
 141   1        LCD1602_E = 0;    //使能清零
 142   1        LCD1602_RS = 1;   //选择写入数据
 143   1        LCD1602_RW = 0;   //选择写入
 144   1      
 145   1        LCD1602_DATAPINS = dat; //由于4位的接线是接到P0口的高四位，所以传送高四位不用改
 146   1        Lcd1602_Delay1ms(1);
 147   1      
 148   1        LCD1602_E = 1;    //写入时序
 149   1        Lcd1602_Delay1ms(5);
 150   1        LCD1602_E = 0;
 151   1      
 152   1        LCD1602_DATAPINS = dat << 4; //写入低四位
 153   1        Lcd1602_Delay1ms(1);
 154   1      
 155   1        LCD1602_E = 1;    //写入时序
 156   1        Lcd1602_Delay1ms(5);
 157   1        LCD1602_E = 0;
 158   1      }
 159          void LcdInit()              //LCD初始化子程序
 160          {
 161   1        LcdWriteCom(0x32);   //将8位总线转为4位总线
 162   1        LcdWriteCom(0x28);   //在四位线下的初始化
 163   1        LcdWriteCom(0x0c);  //开显示不显示光标
 164   1        LcdWriteCom(0x06);  //写一个指针加1
 165   1        LcdWriteCom(0x01);  //清屏
 166   1        LcdWriteCom(0x80);  //设置数据指针起点
 167   1      }


MODULE INFORMATION:   STATIC OVERLAYABLE
   CODE SIZE        =    425    ----
   CONSTANT SIZE    =   ----    ----
   XDATA SIZE       =   ----    ----
   PDATA SIZE       =   ----    ----
   DATA SIZE        =     51       3
   IDATA SIZE       =   ----    ----
   BIT SIZE         =   ----    ----
END OF MODULE INFORMATION.

C51 COMPILER V9.59.0.0   FIRST                                                             05/30/2024 08:44:56 PAGE 4   


C51 COMPILATION COMPLETE.  0 WARNING(S),  0 ERROR(S)
