C51 COMPILER V9.59.0.0   MAIN                                                              05/22/2024 15:02:58 PAGE 1   


C51 COMPILER V9.59.0.0, COMPILATION OF MODULE MAIN
OBJECT MODULE PLACED IN .\Objects\main.obj
COMPILER INVOKED BY: C:\Keil_v5\C51\BIN\C51.EXE ..\main.c OPTIMIZE(8,SPEED) BROWSE DEBUG OBJECTEXTEND PRINT(.\Listings\m
                    -ain.lst) TABS(2) OBJECT(.\Objects\main.obj)

line level    source

   1          #include"lcd.h"
   2          
   3          #define GPIO_KEY P1
   4          
   5          unsigned char KeyValue;
   6          //用来存放读取到的键值
   7          unsigned char KeyState;
   8          //用来存放按键状态
   9          unsigned char PuZh[]=" Pechin Science ";
  10          unsigned char dat[]="0123456789ABCDEF";
  11          void Delay10ms();   //延时50us
  12          void KeyDown();    //检测按键函数
  13           
  14          /*******************************************************************************
  15          * 函 数 名         : main
  16          * 函数功能       : 主函数
  17          * 输    入         : 无
  18          * 输    出         : 无
  19          *******************************************************************************/
  20          void main(void)
  21          {
  22   1        unsigned char i;
  23   1        LcdInit();
  24   1        KeyState=0;
  25   1        for(i=0;i<16;i++)
  26   1        {
  27   2      //    LcdWriteCom(0x80);
  28   2          LcdWriteData(PuZh[i]);  
  29   2        }
  30   1        while(1)
  31   1        {
  32   2          KeyDown();
  33   2          if(KeyState)
  34   2          {
  35   3            KeyState=0;
  36   3            LcdWriteCom(0x80+0x40);
  37   3            LcdWriteData(dat[KeyValue]);
  38   3          }
  39   2        }       
  40   1      }
  41          /*******************************************************************************
  42          * 函 数 名         : KeyDown
  43          * 函数功能       : 检测有按键按下并读取键值
  44          * 输    入         : 无
  45          * 输    出         : 无
  46          *******************************************************************************/
  47          void KeyDown(void)
  48          {
  49   1        char a;
  50   1        GPIO_KEY=0x0f;
  51   1        if(GPIO_KEY!=0x0f)
  52   1        {
  53   2          Delay10ms();
  54   2          if(GPIO_KEY!=0x0f)
C51 COMPILER V9.59.0.0   MAIN                                                              05/22/2024 15:02:58 PAGE 2   

  55   2          {
  56   3            KeyState=1;
  57   3            //测试列
  58   3            GPIO_KEY=0X0F;
  59   3      //      Delay10ms();
  60   3            switch(GPIO_KEY)
  61   3            {
  62   4              case(0X07): KeyValue=0;break;
  63   4              case(0X0b): KeyValue=1;break;
  64   4              case(0X0d): KeyValue=2;break;
  65   4              case(0X0e): KeyValue=3;break;
  66   4      //        default:  KeyValue=17;  //检测出错回复17意思是把数码管全灭掉。
  67   4            }
  68   3            //测试行
  69   3            GPIO_KEY=0XF0;
  70   3            Delay10ms();
  71   3            switch(GPIO_KEY)
  72   3            {
  73   4              case(0X70): KeyValue=KeyValue;break;
  74   4              case(0Xb0): KeyValue=KeyValue+4;break;
  75   4              case(0Xd0): KeyValue=KeyValue+8;break;
  76   4              case(0Xe0): KeyValue=KeyValue+12;break;
  77   4      //        default:  KeyValue=17;
  78   4            }
  79   3            while((a<50)&&(GPIO_KEY!=0xf0))  //检测按键松手检测
  80   3            {
  81   4              Delay10ms();
  82   4              a++;
  83   4            }
  84   3            a=0;
  85   3          }
  86   2        }
  87   1      }
  88          /*******************************************************************************
  89          * 函 数 名         : Delay10ms
  90          * 函数功能       : 延时函数，延时10ms
  91          * 输    入         : 无
  92          * 输    出         : 无
  93          *******************************************************************************/
  94          void Delay10ms(void)   //误差 0us
  95          {
  96   1          unsigned char a,b,c;
  97   1          for(c=1;c>0;c--)
  98   1              for(b=38;b>0;b--)
  99   1                  for(a=130;a>0;a--);
 100   1      }


MODULE INFORMATION:   STATIC OVERLAYABLE
   CODE SIZE        =    246    ----
   CONSTANT SIZE    =   ----    ----
   XDATA SIZE       =   ----    ----
   PDATA SIZE       =   ----    ----
   DATA SIZE        =     36       2
   IDATA SIZE       =   ----    ----
   BIT SIZE         =   ----    ----
END OF MODULE INFORMATION.


C51 COMPILATION COMPLETE.  0 WARNING(S),  0 ERROR(S)
