C51 COMPILER V9.59.0.0   SECOND                                                            05/26/2024 15:58:25 PAGE 1   


C51 COMPILER V9.59.0.0, COMPILATION OF MODULE SECOND
OBJECT MODULE PLACED IN .\Objects\second.obj
COMPILER INVOKED BY: C:\Keil_v5\C51\BIN\C51.EXE ..\forth_pro\second.c OPTIMIZE(8,SPEED) BROWSE DEBUG OBJECTEXTEND PRINT(
                    -.\Listings\second.lst) TABS(2) OBJECT(.\Objects\second.obj)

line level    source

   1          #include<reg51.h>
   2          
   3          //---重定义关键词---//
   4          #ifndef uchar
   5          #define uchar unsigned char
   6          #endif
   7          
   8          #ifndef uint 
   9          #define uint unsigned int
  10          #endif
  11          
  12          
  13          #define LCD1602_DATAPINS P0
  14          sbit LCD1602_E=P2^7;
  15          sbit LCD1602_RW=P2^5;
  16          sbit LCD1602_RS=P2^6;
  17          /*在51单片机12MHZ时钟下的延时函数*/
  18          void Lcd1602_Delay1ms(uint c);   //误差 0us
  19          /*LCD1602写入8位命令子函数*/
  20          void LcdWriteCom(uchar com);
  21          /*LCD1602写入8位数据子函数*/  
  22          void LcdWriteData(uchar dat)  ;
  23          /*LCD1602初始化子程序*/   
  24          void LcdInit(); 
  25          #define GPIO_KEY P1
  26          
  27          unsigned char KeyValue;
  28          unsigned char KeyState;
  29          
  30          unsigned char oper_state;
  31          unsigned char MY_oper;
  32          
  33          sbit key1=P3^0;//与键盘连接的IO设置为key1
  34          sbit key2=P3^1;//与键盘连接的IO设置为key2
  35          sbit key3=P3^2;//与键盘连接的IO设置为key3
  36          sbit key4=P3^3;//与键盘连接的IO设置为key4
  37          sbit key5=P3^4;//与键盘连接的IO设置为key5
  38          sbit key6=P3^5;//与键盘连接的IO设置为key6
  39          sbit key7=P3^6;//与键盘连接的IO设置为key7
  40          sbit key8=P3^7;//与键盘连接的IO设置为key8
  41          
  42          unsigned char dat[]="0123456789ABCDEF+-*/()=!";
  43          unsigned char nums[20];
  44          int count = 0;
  45          void Delay10ms();  
  46          void KeyDown();   
  47          void delay(unsigned char i)
  48          {
  49   1        while(i--); 
  50   1      }
  51          void operater_down()
  52          {
  53   1        if(key1 == 0)     
  54   1        { 
C51 COMPILER V9.59.0.0   SECOND                                                            05/26/2024 15:58:25 PAGE 2   

  55   2          delay(1000);   
  56   2          if(key1 == 0) 
  57   2          {
  58   3            oper_state = 1;
  59   3            MY_oper = 16 ;
  60   3          }
  61   2          while( !key1 );  
  62   2        } 
  63   1        if(key2 == 0)     
  64   1        { 
  65   2          delay(1000);
  66   2          if(key2 == 0) 
  67   2          {
  68   3            oper_state = 1;
  69   3            MY_oper = 17 ;
  70   3          }
  71   2          while(!key2);  
  72   2        } 
  73   1        if(key3 == 0)     
  74   1        { 
  75   2          delay(1000);
  76   2          if(key3 == 0) 
  77   2          {
  78   3            oper_state = 1;
  79   3            MY_oper = 18 ;
  80   3          }
  81   2          while(!key3);  
  82   2        } 
  83   1        if(key4 == 0)     
  84   1        { 
  85   2          delay(1000);
  86   2          if(key4 == 0) 
  87   2          {
  88   3            oper_state = 1;
  89   3            MY_oper = 19 ;
  90   3          }
  91   2          while(!key4);  
  92   2        } 
  93   1        if(key5 == 0)     
  94   1        { 
  95   2          delay(1000); 
  96   2          if(key5 == 0) 
  97   2          {
  98   3            oper_state = 1;
  99   3            MY_oper = 20 ;
 100   3          }
 101   2          while(!key5);  
 102   2        } 
 103   1        if(key6 == 0)     
 104   1        { 
 105   2          delay(1000);
 106   2          if(key6 == 0) 
 107   2          {
 108   3            oper_state = 1;
 109   3            MY_oper = 21 ;
 110   3          }
 111   2          while(!key6);  
 112   2        } 
 113   1        if(key7 == 0)     
 114   1        { 
 115   2          delay(1000);
 116   2          if(key7 == 0) 
C51 COMPILER V9.59.0.0   SECOND                                                            05/26/2024 15:58:25 PAGE 3   

 117   2          {
 118   3            oper_state = 1;
 119   3            MY_oper = 22 ;
 120   3          }
 121   2          while(!key7);  
 122   2        } 
 123   1        if(key8 == 0)     
 124   1        { 
 125   2          delay(1000);  
 126   2          if(key8 == 0) 
 127   2          {
 128   3            oper_state = 1;
 129   3            MY_oper = 23 ;
 130   3          }
 131   2          while(!key8);  
 132   2        } 
 133   1      }
 134          
 135          void main(void)
 136          {
 137   1        unsigned char i;
 138   1        LcdInit();
 139   1        KeyState=0;
 140   1        oper_state = 0;
 141   1        while(1)
 142   1        {
 143   2          KeyDown();
 144   2          if(KeyState)
 145   2          {
 146   3            KeyState=0;
 147   3            LcdWriteCom(0x80);
 148   3                  nums[count] = KeyValue;
 149   3            count++;
 150   3            for(i = 0 ; i < count ; i++)
 151   3                      LcdWriteData(dat[nums[i]]);
 152   3          }
 153   2              operater_down();
 154   2      
 155   2          if(oper_state)
 156   2          {
 157   3                  nums[count] = MY_oper ;
 158   3                  LcdWriteCom(0x80);
 159   3                  count++;
 160   3                  for(i = 0 ; i < count ; i++)
 161   3                      LcdWriteData(dat[nums[i]]);
 162   3                  oper_state = 0 ;
 163   3          }
 164   2        }       
 165   1      }
 166          
 167          void KeyDown(void)
 168          {
 169   1        char a;
 170   1        GPIO_KEY=0x0f;
 171   1        if(GPIO_KEY!=0x0f)
 172   1        {
 173   2          Delay10ms();
 174   2          if(GPIO_KEY!=0x0f)
 175   2          {
 176   3            KeyState=1;
 177   3            //测试列
 178   3            GPIO_KEY=0X0F;
C51 COMPILER V9.59.0.0   SECOND                                                            05/26/2024 15:58:25 PAGE 4   

 179   3      //      Delay10ms();
 180   3            switch(GPIO_KEY)
 181   3            {
 182   4              case(0X07): KeyValue=0;break;
 183   4              case(0X0b): KeyValue=1;break;
 184   4              case(0X0d): KeyValue=2;break;
 185   4              case(0X0e): KeyValue=3;break;
 186   4      //        default:  KeyValue=17;  //检测出错回复17意思是把数码管全灭掉。
 187   4            }
 188   3            //测试行
 189   3            GPIO_KEY=0XF0;
 190   3            Delay10ms();
 191   3            switch(GPIO_KEY)
 192   3            {
 193   4              case(0X70): KeyValue=KeyValue;break;
 194   4              case(0Xb0): KeyValue=KeyValue+4;break;
 195   4              case(0Xd0): KeyValue=KeyValue+8;break;
 196   4              case(0Xe0): KeyValue=KeyValue+12;break;
 197   4      //        default:  KeyValue=17;
 198   4            }
 199   3            while((a<50)&&(GPIO_KEY!=0xf0))  //检测按键松手检测
 200   3            {
 201   4              Delay10ms();
 202   4              a++;
 203   4            }
 204   3            a=0;
 205   3          }
 206   2        }
 207   1      }
 208          
 209          void Delay10ms(void)   //误差 0us
 210          {
 211   1          unsigned char a,b,c;
 212   1          for(c=1;c>0;c--)
 213   1              for(b=38;b>0;b--)
 214   1                  for(a=130;a>0;a--);
 215   1      }
 216          
 217          void LcdWriteCom(unsigned char com)   //写入命令
 218          {
 219   1        LCD1602_E = 0;   //使能清零
 220   1        LCD1602_RS = 0;  //选择写入命令
 221   1        LCD1602_RW = 0;  //选择写入
 222   1      
 223   1        LCD1602_DATAPINS = com; //由于4位的接线是接到P0口的高四位，所以传送高四位不用改
 224   1        Lcd1602_Delay1ms(1);
 225   1      
 226   1        LCD1602_E = 1;   //写入时序
 227   1        Lcd1602_Delay1ms(5);
 228   1        LCD1602_E = 0;
 229   1      
 230   1      //  Lcd1602_Delay1ms(1);
 231   1        LCD1602_DATAPINS = com << 4; //发送低四位
 232   1        Lcd1602_Delay1ms(1);
 233   1      
 234   1        LCD1602_E = 1;   //写入时序
 235   1        Lcd1602_Delay1ms(5);
 236   1        LCD1602_E = 0;
 237   1      }
 238          void Lcd1602_Delay1ms(uint c)   //误差 0us
 239          {
 240   1          uchar a,b;
C51 COMPILER V9.59.0.0   SECOND                                                            05/26/2024 15:58:25 PAGE 5   

 241   1        for (; c>0; c--)
 242   1        {
 243   2           for (b=199;b>0;b--)
 244   2           {
 245   3              for(a=1;a>0;a--);
 246   3           }      
 247   2        }
 248   1            
 249   1      }
 250          
 251          void LcdWriteData(uchar dat)      //写入数据
 252          {
 253   1        LCD1602_E = 0;    //使能清零
 254   1        LCD1602_RS = 1;   //选择写入数据
 255   1        LCD1602_RW = 0;   //选择写入
 256   1      
 257   1        LCD1602_DATAPINS = dat; //由于4位的接线是接到P0口的高四位，所以传送高四位不用改
 258   1        Lcd1602_Delay1ms(1);
 259   1      
 260   1        LCD1602_E = 1;    //写入时序
 261   1        Lcd1602_Delay1ms(5);
 262   1        LCD1602_E = 0;
 263   1      
 264   1        LCD1602_DATAPINS = dat << 4; //写入低四位
 265   1        Lcd1602_Delay1ms(1);
 266   1      
 267   1        LCD1602_E = 1;    //写入时序
 268   1        Lcd1602_Delay1ms(5);
 269   1        LCD1602_E = 0;
 270   1      }
 271          void LcdInit()              //LCD初始化子程序
 272          {
 273   1        LcdWriteCom(0x32);   //将8位总线转为4位总线
 274   1        LcdWriteCom(0x28);   //在四位线下的初始化
 275   1        LcdWriteCom(0x0c);  //开显示不显示光标
 276   1        LcdWriteCom(0x06);  //写一个指针加1
 277   1        LcdWriteCom(0x01);  //清屏
 278   1        LcdWriteCom(0x80);  //设置数据指针起点
 279   1      }


MODULE INFORMATION:   STATIC OVERLAYABLE
   CODE SIZE        =    646    ----
   CONSTANT SIZE    =   ----    ----
   XDATA SIZE       =   ----    ----
   PDATA SIZE       =   ----    ----
   DATA SIZE        =     51       3
   IDATA SIZE       =   ----    ----
   BIT SIZE         =   ----    ----
END OF MODULE INFORMATION.


C51 COMPILATION COMPLETE.  0 WARNING(S),  0 ERROR(S)
