\BOOKMARK [1][-]{section.1}{\376\377\000o\000n\000e}{}% 1
\BOOKMARK [1][-]{section.2}{\376\377\000t\000w\000o}{}% 2
\BOOKMARK [2][-]{subsection.2.1}{\376\377\166\356\150\007\211\304\122\022}{section.2}% 3
\BOOKMARK [2][-]{subsection.2.2}{\376\377\176\277\140\047\211\304\122\022}{section.2}% 4
\BOOKMARK [2][-]{subsection.2.3}{\376\377\133\236\226\105\136\224\165\050}{section.2}% 5
\BOOKMARK [2][-]{subsection.2.4}{\376\377\154\102\211\343\176\277\140\047\211\304\122\022\166\204\145\271\154\325}{section.2}% 6
\BOOKMARK [1][-]{section.3}{\376\377\000t\000h\000r\000e\000e}{}% 7
\BOOKMARK [2][-]{subsection.3.1}{\376\377\147\176\137\033\377\010\000R\000e\000l\000a\000x\000a\000t\000i\000o\000n\377\011}{section.3}% 8
\BOOKMARK [2][-]{subsection.3.2}{\376\377\122\006\147\235\133\232\165\114\154\325\377\010\000B\000r\000a\000n\000c\000h\000\040\000a\000n\000d\000\040\000B\000o\000u\000n\000d\377\011}{section.3}% 9
\BOOKMARK [1][-]{section.4}{\376\377\145\220\154\342\220\243\131\121\145\160\122\027\116\016\122\250\140\001\211\304\122\022}{}% 10
\BOOKMARK [1][-]{section.5}{\376\377\142\337\162\133\230\177\154\325\116\016\147\000\220\037\116\013\226\115\154\325}{}% 11
\BOOKMARK [2][-]{subsection.5.1}{\376\377\142\337\162\133\230\177\154\325}{section.5}% 12
\BOOKMARK [2][-]{subsection.5.2}{\376\377\147\000\220\037\116\013\226\115\154\325}{section.5}% 13
\BOOKMARK [2][-]{subsection.5.3}{\376\377\134\100\220\350\147\000\117\030\116\016\121\150\134\100\147\000\117\030}{section.5}% 14
\BOOKMARK [2][-]{subsection.5.4}{\376\377\123\125\176\257\137\142\154\325\124\214\147\000\220\037\116\013\226\115\154\325\166\204\145\066\145\133}{section.5}% 15
\BOOKMARK [1][-]{section.6}{\376\377\133\371\120\166\164\006\213\272}{}% 16
\BOOKMARK [2][-]{subsection.6.1}{\376\377\211\343\221\312\176\317\155\116\141\017\116\111}{section.6}% 17
\BOOKMARK [2][-]{subsection.6.2}{\376\377\122\044\145\255\145\340\165\114\140\047}{section.6}% 18
\BOOKMARK [2][-]{subsection.6.3}{\376\377\116\012\116\013\165\114}{section.6}% 19
\BOOKMARK [2][-]{subsection.6.4}{\376\377\160\165\145\117\136\246\122\006\147\220}{section.6}% 20
\BOOKMARK [2][-]{subsection.6.5}{\376\377\173\227\154\325\145\071\217\333}{section.6}% 21
\BOOKMARK [2][-]{subsection.6.6}{\376\377\116\244\123\311\150\300\232\214}{section.6}% 22
\BOOKMARK [2][-]{subsection.6.7}{\376\377\117\213\133\120}{section.6}% 23
\BOOKMARK [1][-]{section.7}{\376\377\000K\000K\000T\147\141\116\366\166\204\121\340\117\125\211\343\221\312}{}% 24
\BOOKMARK [1][-]{section.8}{\376\377\000e\000i\000g\000h\000t}{}% 25
